<?xml version="1.0" encoding="utf-8"?><testsuites name="pytest tests"><testsuite name="pytest" errors="0" failures="0" skipped="0" tests="20" time="24.443" timestamp="2026-05-06T15:18:32.196234+00:00" hostname="agent-env-69eba759-0ada-4d92-b4ca-8c580b617144"><testcase classname="backend.tests.backend_test" name="test_health" time="0.363" /><testcase classname="backend.tests.backend_test" name="test_meta_ranks_six_with_five_levels" time="0.059" /><testcase classname="backend.tests.backend_test" name="test_register_new_user_has_15_coins" time="0.304" /><testcase classname="backend.tests.backend_test" name="test_auth_me_persists_15_coins" time="0.071" /><testcase classname="backend.tests.backend_test" name="test_login_wrong_password" time="0.281" /><testcase classname="backend.tests.backend_test" name="test_list_subjects_9_with_5_lessons" time="0.070" /><testcase classname="backend.tests.backend_test" name="test_lessons_five_levels_bronze_only_basico" time="0.132" /><testcase classname="backend.tests.backend_test" name="test_get_locked_lesson_403" time="0.211" /><testcase classname="backend.tests.backend_test" name="test_get_basico_lesson_questions_have_source" time="0.204" /><testcase classname="backend.tests.backend_test" name="test_complete_lesson_perfect_xp_coins_with_15_start" time="0.539" /><testcase classname="backend.tests.backend_test" name="test_complete_lesson_wrong_no_perfect" time="0.586" /><testcase classname="backend.tests.backend_test" name="test_use_power_deducts_15_coins" time="0.091" /><testcase classname="backend.tests.backend_test" name="test_use_power_invalid" time="0.347" /><testcase classname="backend.tests.backend_test" name="test_use_power_insufficient_coins" time="0.410" /><testcase classname="backend.tests.backend_test" name="test_audience_percentages" time="0.519" /><testcase classname="backend.tests.backend_test" name="test_leaderboard_with_tier" time="0.062" /><testcase classname="backend.tests.backend_test" name="test_lives_refill" time="0.067" /><testcase classname="backend.tests.backend_test" name="test_achievements_includes_sabio_lendario" time="0.066" /><testcase classname="backend.tests.backend_test" name="test_ai_practice_missing_topic_returns_422" time="0.067" /><testcase classname="backend.tests.backend_test" name="test_ai_practice_with_topic_returns_question_with_source" time="19.854" /></testsuite></testsuites>