<?xml version="1.0" encoding="utf-8"?><testsuites name="pytest tests"><testsuite name="pytest" errors="0" failures="0" skipped="0" tests="25" time="20.625" timestamp="2026-05-06T16:33:49.579280+00:00" hostname="agent-env-69eba759-0ada-4d92-b4ca-8c580b617144"><testcase classname="backend.tests.backend_test" name="test_health" time="0.300" /><testcase classname="backend.tests.backend_test" name="test_meta_ranks_six_with_five_levels" time="0.065" /><testcase classname="backend.tests.backend_test" name="test_register_new_user_has_15_coins" time="0.300" /><testcase classname="backend.tests.backend_test" name="test_auth_me_persists_15_coins" time="0.068" /><testcase classname="backend.tests.backend_test" name="test_login_wrong_password" time="0.289" /><testcase classname="backend.tests.backend_test" name="test_list_subjects_9_with_5_lessons" time="0.064" /><testcase classname="backend.tests.backend_test" name="test_lessons_five_levels_bronze_only_basico" time="0.134" /><testcase classname="backend.tests.backend_test" name="test_get_locked_lesson_403" time="0.239" /><testcase classname="backend.tests.backend_test" name="test_get_basico_lesson_questions_have_source" time="0.203" /><testcase classname="backend.tests.backend_test" name="test_total_questions_in_bank_at_least_400" time="1.821" /><testcase classname="backend.tests.backend_test" name="test_google_session_invalid_returns_401" time="0.172" /><testcase classname="backend.tests.backend_test" name="test_google_session_missing_field_422" time="0.058" /><testcase classname="backend.tests.backend_test" name="test_google_session_invalid_does_not_create_user" time="0.213" /><testcase classname="backend.tests.backend_test" name="test_login_blocked_when_password_hash_empty" time="0.589" /><testcase classname="backend.tests.backend_test" name="test_complete_lesson_perfect_xp_coins_with_15_start" time="0.532" /><testcase classname="backend.tests.backend_test" name="test_complete_lesson_wrong_no_perfect" time="0.533" /><testcase classname="backend.tests.backend_test" name="test_use_power_deducts_15_coins" time="0.060" /><testcase classname="backend.tests.backend_test" name="test_use_power_invalid" time="0.345" /><testcase classname="backend.tests.backend_test" name="test_use_power_insufficient_coins" time="0.408" /><testcase classname="backend.tests.backend_test" name="test_audience_percentages" time="0.552" /><testcase classname="backend.tests.backend_test" name="test_leaderboard_with_tier" time="0.080" /><testcase classname="backend.tests.backend_test" name="test_lives_refill" time="0.060" /><testcase classname="backend.tests.backend_test" name="test_achievements_includes_sabio_lendario" time="0.070" /><testcase classname="backend.tests.backend_test" name="test_ai_practice_missing_topic_returns_422" time="0.063" /><testcase classname="backend.tests.backend_test" name="test_ai_practice_with_topic_returns_question_with_source" time="13.342" /></testsuite></testsuites>